[2021-05-01 14:51:06.565] [logger] [info] x:\jenkins-workspace\workspace\token-wallet-pipeline\src\main.cpp::335::Helper process started
[2021-05-01 14:51:06.567] [logger] [info] x:\jenkins-workspace\workspace\token-wallet-pipeline\src\analytics_ping.cpp::529::Sending bench ping: startup.launched
[2021-05-01 14:51:19.321] [logger] [info] x:\jenkins-workspace\workspace\token-wallet-pipeline\src\analytics_ping.cpp::529::Sending bench ping: ledger.create_account.success
[2021-05-01 14:51:19.322] [logger] [info] x:\jenkins-workspace\workspace\token-wallet-pipeline\src\ledger.cpp::518::ledger_create_account_success
[2021-05-01 14:51:19.324] [logger] [info] x:\jenkins-workspace\workspace\token-wallet-pipeline\src\analytics_ping.cpp::529::Sending bench ping: startup.ledger_init
[2021-05-01 14:51:19.829] [logger] [info] x:\jenkins-workspace\workspace\token-wallet-pipeline\src\analytics_ping.cpp::529::Sending bench ping: cfu.helper.1499
[2021-05-01 14:51:19.830] [logger] [info] x:\jenkins-workspace\workspace\token-wallet-pipeline\src\main.cpp::546::Running io_context
[2021-05-01 14:51:19.830] [logger] [info] x:\jenkins-workspace\workspace\token-wallet-pipeline\src\analytics_ping.cpp::529::Sending bench ping: startup.enter_event_loop
[2021-05-01 14:51:19.830] [logger] [info] x:\jenkins-workspace\workspace\token-wallet-pipeline\src\analytics_ping.cpp::529::Sending bench ping: bt_con.handshake
[2021-05-01 14:51:20.802] [logger] [info] x:\jenkins-workspace\workspace\token-wallet-pipeline\src\ledger.cpp::933::handle_get_email_information. Status: 0
[2021-05-01 14:51:21.522] [logger] [info] x:\jenkins-workspace\workspace\token-wallet-pipeline\src\analytics_ping.cpp::529::Sending bench ping: ledger.confirm_balance
[2021-05-01 14:51:21.522] [logger] [info] x:\jenkins-workspace\workspace\token-wallet-pipeline\src\ledger.cpp::895::ledger_confirm_bal
[2021-05-01 20:51:27.104] [logger] [info] x:\jenkins-workspace\workspace\token-wallet-pipeline\src\analytics_ping.cpp::529::Sending bench ping: ledger.confirm_balance
[2021-05-01 20:51:27.138] [logger] [info] x:\jenkins-workspace\workspace\token-wallet-pipeline\src\ledger.cpp::895::ledger_confirm_bal
[2021-05-01 22:25:47.053] [logger] [info] x:\jenkins-workspace\workspace\token-wallet-pipeline\src\main.cpp::335::Helper process started
[2021-05-01 22:25:47.055] [logger] [info] x:\jenkins-workspace\workspace\token-wallet-pipeline\src\analytics_ping.cpp::529::Sending bench ping: startup.launched
[2021-05-01 22:25:47.255] [logger] [info] x:\jenkins-workspace\workspace\token-wallet-pipeline\src\analytics_ping.cpp::529::Sending bench ping: startup.ledger_init
[2021-05-01 22:25:47.876] [logger] [info] x:\jenkins-workspace\workspace\token-wallet-pipeline\src\analytics_ping.cpp::529::Sending bench ping: cfu.helper.1499
[2021-05-01 22:25:47.876] [logger] [info] x:\jenkins-workspace\workspace\token-wallet-pipeline\src\main.cpp::546::Running io_context
[2021-05-01 22:25:47.876] [logger] [info] x:\jenkins-workspace\workspace\token-wallet-pipeline\src\analytics_ping.cpp::529::Sending bench ping: startup.enter_event_loop
[2021-05-01 22:25:47.877] [logger] [info] x:\jenkins-workspace\workspace\token-wallet-pipeline\src\analytics_ping.cpp::529::Sending bench ping: bt_con.handshake
[2021-05-01 22:25:48.825] [logger] [info] x:\jenkins-workspace\workspace\token-wallet-pipeline\src\ledger.cpp::933::handle_get_email_information. Status: 0
[2021-05-01 22:25:50.630] [logger] [info] x:\jenkins-workspace\workspace\token-wallet-pipeline\src\analytics_ping.cpp::529::Sending bench ping: ledger.confirm_balance
[2021-05-01 22:25:50.630] [logger] [info] x:\jenkins-workspace\workspace\token-wallet-pipeline\src\ledger.cpp::895::ledger_confirm_bal
[2021-05-02 10:05:12.022] [logger] [info] x:\jenkins-workspace\workspace\token-wallet-pipeline\src\main.cpp::335::Helper process started
[2021-05-02 10:05:12.024] [logger] [info] x:\jenkins-workspace\workspace\token-wallet-pipeline\src\analytics_ping.cpp::529::Sending bench ping: startup.launched
[2021-05-02 10:05:12.234] [logger] [info] x:\jenkins-workspace\workspace\token-wallet-pipeline\src\analytics_ping.cpp::529::Sending bench ping: startup.ledger_init
[2021-05-02 10:05:12.964] [logger] [info] x:\jenkins-workspace\workspace\token-wallet-pipeline\src\analytics_ping.cpp::529::Sending bench ping: cfu.helper.1499
[2021-05-02 10:05:12.965] [logger] [info] x:\jenkins-workspace\workspace\token-wallet-pipeline\src\main.cpp::546::Running io_context
[2021-05-02 10:05:12.965] [logger] [info] x:\jenkins-workspace\workspace\token-wallet-pipeline\src\analytics_ping.cpp::529::Sending bench ping: startup.enter_event_loop
[2021-05-02 10:05:12.965] [logger] [info] x:\jenkins-workspace\workspace\token-wallet-pipeline\src\analytics_ping.cpp::529::Sending bench ping: bt_con.handshake
[2021-05-02 10:05:17.607] [logger] [info] x:\jenkins-workspace\workspace\token-wallet-pipeline\src\ledger.cpp::933::handle_get_email_information. Status: 0
[2021-05-02 10:05:17.701] [logger] [info] x:\jenkins-workspace\workspace\token-wallet-pipeline\src\analytics_ping.cpp::529::Sending bench ping: ledger.confirm_balance
[2021-05-02 10:05:17.701] [logger] [info] x:\jenkins-workspace\workspace\token-wallet-pipeline\src\ledger.cpp::895::ledger_confirm_bal
[2021-05-02 10:14:09.278] [logger] [info] x:\jenkins-workspace\workspace\token-wallet-pipeline\src\main.cpp::335::Helper process started
[2021-05-02 10:14:09.280] [logger] [info] x:\jenkins-workspace\workspace\token-wallet-pipeline\src\analytics_ping.cpp::529::Sending bench ping: startup.launched
[2021-05-02 10:14:09.431] [logger] [info] x:\jenkins-workspace\workspace\token-wallet-pipeline\src\analytics_ping.cpp::529::Sending bench ping: startup.ledger_init
[2021-05-02 10:14:10.168] [logger] [info] x:\jenkins-workspace\workspace\token-wallet-pipeline\src\analytics_ping.cpp::529::Sending bench ping: cfu.helper.1499
[2021-05-02 10:14:10.169] [logger] [info] x:\jenkins-workspace\workspace\token-wallet-pipeline\src\main.cpp::546::Running io_context
[2021-05-02 10:14:10.169] [logger] [info] x:\jenkins-workspace\workspace\token-wallet-pipeline\src\analytics_ping.cpp::529::Sending bench ping: startup.enter_event_loop
[2021-05-02 10:14:10.170] [logger] [info] x:\jenkins-workspace\workspace\token-wallet-pipeline\src\analytics_ping.cpp::529::Sending bench ping: bt_con.handshake
[2021-05-02 10:14:14.689] [logger] [info] x:\jenkins-workspace\workspace\token-wallet-pipeline\src\ledger.cpp::933::handle_get_email_information. Status: 0
[2021-05-02 10:14:14.710] [logger] [info] x:\jenkins-workspace\workspace\token-wallet-pipeline\src\analytics_ping.cpp::529::Sending bench ping: ledger.confirm_balance
[2021-05-02 10:14:14.710] [logger] [info] x:\jenkins-workspace\workspace\token-wallet-pipeline\src\ledger.cpp::895::ledger_confirm_bal
